Analysis & Elaboration report for TRISCRAMfall2020
Wed Nov 25 15:13:45 2020
Quartus II 64-Bit Version 13.0.1 Build 232 06/12/2013 Service Pack 1 SJ Web Edition


---------------------
; Table of Contents ;
---------------------
  1. Legal Notice
  2. Analysis & Elaboration Summary
  3. Parallel Compilation
  4. Analysis & Elaboration IP Cores Summary
  5. Source assignments for altsyncram:altsyncram_component|altsyncram_7vc1:auto_generated
  6. Parameter Settings for User Entity Instance: altsyncram:altsyncram_component
  7. altsyncram Parameter Settings by Entity Instance
  8. Analysis & Elaboration Settings
  9. Analysis & Elaboration Messages



----------------
; Legal Notice ;
----------------
Copyright (C) 1991-2013 Altera Corporation
Your use of Altera Corporation's design tools, logic functions 
and other software and tools, and its AMPP partner logic 
functions, and any output files from any of the foregoing 
(including device programming or simulation files), and any 
associated documentation or information are expressly subject 
to the terms and conditions of the Altera Program License 
Subscription Agreement, Altera MegaCore Function License 
Agreement, or other applicable license agreement, including, 
without limitation, that your use is for the sole purpose of 
programming logic devices manufactured by Altera and sold by 
Altera or its authorized distributors.  Please refer to the 
applicable agreement for further details.



+--------------------------------------------------------------------------------------+
; Analysis & Elaboration Summary                                                       ;
+------------------------------------+-------------------------------------------------+
; Analysis & Elaboration Status      ; Successful - Wed Nov 25 15:13:45 2020           ;
; Quartus II 64-Bit Version          ; 13.0.1 Build 232 06/12/2013 SP 1 SJ Web Edition ;
; Revision Name                      ; TRISCRAMfall2020                                ;
; Top-level Entity Name              ; TRISCRAMfall2020                                ;
; Family                             ; Cyclone II                                      ;
; Total logic elements               ; N/A until Partition Merge                       ;
;     Total combinational functions  ; N/A until Partition Merge                       ;
;     Dedicated logic registers      ; N/A until Partition Merge                       ;
; Total registers                    ; N/A until Partition Merge                       ;
; Total pins                         ; N/A until Partition Merge                       ;
; Total virtual pins                 ; N/A until Partition Merge                       ;
; Total memory bits                  ; N/A until Partition Merge                       ;
; Embedded Multiplier 9-bit elements ; N/A until Partition Merge                       ;
; Total PLLs                         ; N/A until Partition Merge                       ;
+------------------------------------+-------------------------------------------------+


Parallel compilation was disabled, but you have multiple processors available. Enable parallel compilation to reduce compilation time.
+-------------------------------------+
; Parallel Compilation                ;
+----------------------------+--------+
; Processors                 ; Number ;
+----------------------------+--------+
; Number detected on machine ; 12     ;
; Maximum allowed            ; 1      ;
+----------------------------+--------+


+----------------------------------------------------------------------------------------------------------------------------------------------------------------------------------------------------------+
; Analysis & Elaboration IP Cores Summary                                                                                                                                                                  ;
+--------+--------------+---------+--------------+--------------+-------------------+----------------------------------------------------------------------------------------------------------------------+
; Vendor ; IP Core Name ; Version ; Release Date ; License Type ; Entity Instance   ; IP Include File                                                                                                      ;
+--------+--------------+---------+--------------+--------------+-------------------+----------------------------------------------------------------------------------------------------------------------+
; Altera ; RAM: 1-PORT  ; N/A     ; N/A          ; N/A          ; |TRISCRAMfall2020 ; //vmware-host/Shared Folders/Documents/School/Fall_2020/CSE_2441-TA/Labs/Project/TRISCRAMfall2020/triscramfall2020.v ;
+--------+--------------+---------+--------------+--------------+-------------------+----------------------------------------------------------------------------------------------------------------------+


+---------------------------------------------------------------------------------------+
; Source assignments for altsyncram:altsyncram_component|altsyncram_7vc1:auto_generated ;
+---------------------------------+--------------------+------+-------------------------+
; Assignment                      ; Value              ; From ; To                      ;
+---------------------------------+--------------------+------+-------------------------+
; OPTIMIZE_POWER_DURING_SYNTHESIS ; NORMAL_COMPILATION ; -    ; -                       ;
+---------------------------------+--------------------+------+-------------------------+


+------------------------------------------------------------------------------+
; Parameter Settings for User Entity Instance: altsyncram:altsyncram_component ;
+------------------------------------+----------------------+------------------+
; Parameter Name                     ; Value                ; Type             ;
+------------------------------------+----------------------+------------------+
; BYTE_SIZE_BLOCK                    ; 8                    ; Untyped          ;
; AUTO_CARRY_CHAINS                  ; ON                   ; AUTO_CARRY       ;
; IGNORE_CARRY_BUFFERS               ; OFF                  ; IGNORE_CARRY     ;
; AUTO_CASCADE_CHAINS                ; ON                   ; AUTO_CASCADE     ;
; IGNORE_CASCADE_BUFFERS             ; OFF                  ; IGNORE_CASCADE   ;
; WIDTH_BYTEENA                      ; 1                    ; Untyped          ;
; OPERATION_MODE                     ; SINGLE_PORT          ; Untyped          ;
; WIDTH_A                            ; 8                    ; Signed Integer   ;
; WIDTHAD_A                          ; 4                    ; Signed Integer   ;
; NUMWORDS_A                         ; 16                   ; Signed Integer   ;
; OUTDATA_REG_A                      ; CLOCK0               ; Untyped          ;
; ADDRESS_ACLR_A                     ; NONE                 ; Untyped          ;
; OUTDATA_ACLR_A                     ; NONE                 ; Untyped          ;
; WRCONTROL_ACLR_A                   ; NONE                 ; Untyped          ;
; INDATA_ACLR_A                      ; NONE                 ; Untyped          ;
; BYTEENA_ACLR_A                     ; NONE                 ; Untyped          ;
; WIDTH_B                            ; 1                    ; Untyped          ;
; WIDTHAD_B                          ; 1                    ; Untyped          ;
; NUMWORDS_B                         ; 1                    ; Untyped          ;
; INDATA_REG_B                       ; CLOCK1               ; Untyped          ;
; WRCONTROL_WRADDRESS_REG_B          ; CLOCK1               ; Untyped          ;
; RDCONTROL_REG_B                    ; CLOCK1               ; Untyped          ;
; ADDRESS_REG_B                      ; CLOCK1               ; Untyped          ;
; OUTDATA_REG_B                      ; UNREGISTERED         ; Untyped          ;
; BYTEENA_REG_B                      ; CLOCK1               ; Untyped          ;
; INDATA_ACLR_B                      ; NONE                 ; Untyped          ;
; WRCONTROL_ACLR_B                   ; NONE                 ; Untyped          ;
; ADDRESS_ACLR_B                     ; NONE                 ; Untyped          ;
; OUTDATA_ACLR_B                     ; NONE                 ; Untyped          ;
; RDCONTROL_ACLR_B                   ; NONE                 ; Untyped          ;
; BYTEENA_ACLR_B                     ; NONE                 ; Untyped          ;
; WIDTH_BYTEENA_A                    ; 1                    ; Signed Integer   ;
; WIDTH_BYTEENA_B                    ; 1                    ; Untyped          ;
; RAM_BLOCK_TYPE                     ; AUTO                 ; Untyped          ;
; BYTE_SIZE                          ; 8                    ; Untyped          ;
; READ_DURING_WRITE_MODE_MIXED_PORTS ; DONT_CARE            ; Untyped          ;
; READ_DURING_WRITE_MODE_PORT_A      ; NEW_DATA_NO_NBE_READ ; Untyped          ;
; READ_DURING_WRITE_MODE_PORT_B      ; NEW_DATA_NO_NBE_READ ; Untyped          ;
; INIT_FILE                          ; TRISCRAMfall2020.mif ; Untyped          ;
; INIT_FILE_LAYOUT                   ; PORT_A               ; Untyped          ;
; MAXIMUM_DEPTH                      ; 0                    ; Untyped          ;
; CLOCK_ENABLE_INPUT_A               ; BYPASS               ; Untyped          ;
; CLOCK_ENABLE_INPUT_B               ; NORMAL               ; Untyped          ;
; CLOCK_ENABLE_OUTPUT_A              ; BYPASS               ; Untyped          ;
; CLOCK_ENABLE_OUTPUT_B              ; NORMAL               ; Untyped          ;
; CLOCK_ENABLE_CORE_A                ; USE_INPUT_CLKEN      ; Untyped          ;
; CLOCK_ENABLE_CORE_B                ; USE_INPUT_CLKEN      ; Untyped          ;
; ENABLE_ECC                         ; FALSE                ; Untyped          ;
; ECC_PIPELINE_STAGE_ENABLED         ; FALSE                ; Untyped          ;
; WIDTH_ECCSTATUS                    ; 3                    ; Untyped          ;
; DEVICE_FAMILY                      ; Cyclone II           ; Untyped          ;
; CBXI_PARAMETER                     ; altsyncram_7vc1      ; Untyped          ;
+------------------------------------+----------------------+------------------+
Note: In order to hide this table in the UI and the text report file, please set the "Show Parameter Settings in Synthesis Report" option in "Analysis and Synthesis Settings -> More Settings" to "Off".


+-----------------------------------------------------------------------------+
; altsyncram Parameter Settings by Entity Instance                            ;
+-------------------------------------------+---------------------------------+
; Name                                      ; Value                           ;
+-------------------------------------------+---------------------------------+
; Number of entity instances                ; 1                               ;
; Entity Instance                           ; altsyncram:altsyncram_component ;
;     -- OPERATION_MODE                     ; SINGLE_PORT                     ;
;     -- WIDTH_A                            ; 8                               ;
;     -- NUMWORDS_A                         ; 16                              ;
;     -- OUTDATA_REG_A                      ; CLOCK0                          ;
;     -- WIDTH_B                            ; 1                               ;
;     -- NUMWORDS_B                         ; 1                               ;
;     -- ADDRESS_REG_B                      ; CLOCK1                          ;
;     -- OUTDATA_REG_B                      ; UNREGISTERED                    ;
;     -- RAM_BLOCK_TYPE                     ; AUTO                            ;
;     -- READ_DURING_WRITE_MODE_MIXED_PORTS ; DONT_CARE                       ;
+-------------------------------------------+---------------------------------+


+----------------------------------------------------------------------------------------------------------------------+
; Analysis & Elaboration Settings                                                                                      ;
+----------------------------------------------------------------------------+--------------------+--------------------+
; Option                                                                     ; Setting            ; Default Value      ;
+----------------------------------------------------------------------------+--------------------+--------------------+
; Device                                                                     ; EP2C20F484C7       ;                    ;
; Top-level entity name                                                      ; TRISCRAMfall2020   ; TRISCRAMfall2020   ;
; Family name                                                                ; Cyclone II         ; Cyclone IV GX      ;
; Use smart compilation                                                      ; Off                ; Off                ;
; Enable parallel Assembler and TimeQuest Timing Analyzer during compilation ; On                 ; On                 ;
; Enable compact report table                                                ; Off                ; Off                ;
; Restructure Multiplexers                                                   ; Auto               ; Auto               ;
; Create Debugging Nodes for IP Cores                                        ; Off                ; Off                ;
; Preserve fewer node names                                                  ; On                 ; On                 ;
; Disable OpenCore Plus hardware evaluation                                  ; Off                ; Off                ;
; Verilog Version                                                            ; Verilog_2001       ; Verilog_2001       ;
; VHDL Version                                                               ; VHDL_1993          ; VHDL_1993          ;
; State Machine Processing                                                   ; Auto               ; Auto               ;
; Safe State Machine                                                         ; Off                ; Off                ;
; Extract Verilog State Machines                                             ; On                 ; On                 ;
; Extract VHDL State Machines                                                ; On                 ; On                 ;
; Ignore Verilog initial constructs                                          ; Off                ; Off                ;
; Iteration limit for constant Verilog loops                                 ; 5000               ; 5000               ;
; Iteration limit for non-constant Verilog loops                             ; 250                ; 250                ;
; Add Pass-Through Logic to Inferred RAMs                                    ; On                 ; On                 ;
; Infer RAMs from Raw Logic                                                  ; On                 ; On                 ;
; Parallel Synthesis                                                         ; On                 ; On                 ;
; DSP Block Balancing                                                        ; Auto               ; Auto               ;
; NOT Gate Push-Back                                                         ; On                 ; On                 ;
; Power-Up Don't Care                                                        ; On                 ; On                 ;
; Remove Redundant Logic Cells                                               ; Off                ; Off                ;
; Remove Duplicate Registers                                                 ; On                 ; On                 ;
; Ignore CARRY Buffers                                                       ; Off                ; Off                ;
; Ignore CASCADE Buffers                                                     ; Off                ; Off                ;
; Ignore GLOBAL Buffers                                                      ; Off                ; Off                ;
; Ignore ROW GLOBAL Buffers                                                  ; Off                ; Off                ;
; Ignore LCELL Buffers                                                       ; Off                ; Off                ;
; Ignore SOFT Buffers                                                        ; On                 ; On                 ;
; Limit AHDL Integers to 32 Bits                                             ; Off                ; Off                ;
; Optimization Technique                                                     ; Balanced           ; Balanced           ;
; Carry Chain Length                                                         ; 70                 ; 70                 ;
; Auto Carry Chains                                                          ; On                 ; On                 ;
; Auto Open-Drain Pins                                                       ; On                 ; On                 ;
; Perform WYSIWYG Primitive Resynthesis                                      ; Off                ; Off                ;
; Auto ROM Replacement                                                       ; On                 ; On                 ;
; Auto RAM Replacement                                                       ; On                 ; On                 ;
; Auto Shift Register Replacement                                            ; Auto               ; Auto               ;
; Allow Shift Register Merging across Hierarchies                            ; Auto               ; Auto               ;
; Auto Clock Enable Replacement                                              ; On                 ; On                 ;
; Strict RAM Replacement                                                     ; Off                ; Off                ;
; Allow Synchronous Control Signals                                          ; On                 ; On                 ;
; Force Use of Synchronous Clear Signals                                     ; Off                ; Off                ;
; Auto RAM to Logic Cell Conversion                                          ; Off                ; Off                ;
; Auto Resource Sharing                                                      ; Off                ; Off                ;
; Allow Any RAM Size For Recognition                                         ; Off                ; Off                ;
; Allow Any ROM Size For Recognition                                         ; Off                ; Off                ;
; Allow Any Shift Register Size For Recognition                              ; Off                ; Off                ;
; Use LogicLock Constraints during Resource Balancing                        ; On                 ; On                 ;
; Ignore translate_off and synthesis_off directives                          ; Off                ; Off                ;
; Timing-Driven Synthesis                                                    ; Off                ; Off                ;
; Report Parameter Settings                                                  ; On                 ; On                 ;
; Report Source Assignments                                                  ; On                 ; On                 ;
; Report Connectivity Checks                                                 ; On                 ; On                 ;
; Ignore Maximum Fan-Out Assignments                                         ; Off                ; Off                ;
; Synchronization Register Chain Length                                      ; 2                  ; 2                  ;
; PowerPlay Power Optimization                                               ; Normal compilation ; Normal compilation ;
; HDL message level                                                          ; Level2             ; Level2             ;
; Suppress Register Optimization Related Messages                            ; Off                ; Off                ;
; Number of Removed Registers Reported in Synthesis Report                   ; 5000               ; 5000               ;
; Number of Swept Nodes Reported in Synthesis Report                         ; 5000               ; 5000               ;
; Number of Inverted Registers Reported in Synthesis Report                  ; 100                ; 100                ;
; Clock MUX Protection                                                       ; On                 ; On                 ;
; Auto Gated Clock Conversion                                                ; Off                ; Off                ;
; Block Design Naming                                                        ; Auto               ; Auto               ;
; SDC constraint protection                                                  ; Off                ; Off                ;
; Synthesis Effort                                                           ; Auto               ; Auto               ;
; Shift Register Replacement - Allow Asynchronous Clear Signal               ; On                 ; On                 ;
; Pre-Mapping Resynthesis Optimization                                       ; Off                ; Off                ;
; Analysis & Synthesis Message Level                                         ; Medium             ; Medium             ;
; Disable Register Merging Across Hierarchies                                ; Auto               ; Auto               ;
; Resource Aware Inference For Block RAM                                     ; On                 ; On                 ;
; Synthesis Seed                                                             ; 1                  ; 1                  ;
+----------------------------------------------------------------------------+--------------------+--------------------+


+---------------------------------+
; Analysis & Elaboration Messages ;
+---------------------------------+
Warning (20028): Parallel compilation is not licensed and has been disabled
Warning (12125): Using design file triscramfall2020.v, which is not specified as a design file for the current project, but contains definitions for 1 design units and 1 entities in project
    Info (12023): Found entity 1: TRISCRAMfall2020
Info (12127): Elaborating entity "TRISCRAMfall2020" for the top level hierarchy
Info (12128): Elaborating entity "altsyncram" for hierarchy "altsyncram:altsyncram_component"
Info (12130): Elaborated megafunction instantiation "altsyncram:altsyncram_component"
Info (12133): Instantiated megafunction "altsyncram:altsyncram_component" with the following parameter:
    Info (12134): Parameter "clock_enable_input_a" = "BYPASS"
    Info (12134): Parameter "clock_enable_output_a" = "BYPASS"
    Info (12134): Parameter "init_file" = "TRISCRAMfall2020.mif"
    Info (12134): Parameter "intended_device_family" = "Cyclone II"
    Info (12134): Parameter "lpm_hint" = "ENABLE_RUNTIME_MOD=NO"
    Info (12134): Parameter "lpm_type" = "altsyncram"
    Info (12134): Parameter "numwords_a" = "16"
    Info (12134): Parameter "operation_mode" = "SINGLE_PORT"
    Info (12134): Parameter "outdata_aclr_a" = "NONE"
    Info (12134): Parameter "outdata_reg_a" = "CLOCK0"
    Info (12134): Parameter "power_up_uninitialized" = "FALSE"
    Info (12134): Parameter "widthad_a" = "4"
    Info (12134): Parameter "width_a" = "8"
    Info (12134): Parameter "width_byteena_a" = "1"
Info (12021): Found 1 design units, including 1 entities, in source file db/altsyncram_7vc1.tdf
    Info (12023): Found entity 1: altsyncram_7vc1
Info (12128): Elaborating entity "altsyncram_7vc1" for hierarchy "altsyncram:altsyncram_component|altsyncram_7vc1:auto_generated"


